c:\users\sysadmin\source\repos\expiration\expiration\x64\release\moc_expiration.obj
c:\users\sysadmin\source\repos\expiration\expiration\x64\release\qrc_expiration.obj
c:\users\sysadmin\source\repos\expiration\expiration\x64\release\main.obj
c:\users\sysadmin\source\repos\expiration\expiration\x64\release\expiration.obj
c:\users\sysadmin\source\repos\expiration\expiration\x64\release\uic\ui_expiration.h
c:\users\sysadmin\source\repos\expiration\expiration\x64\release\rcc\qrc_expiration.cpp
c:\users\sysadmin\source\repos\expiration\expiration\x64\release\moc\moc_expiration.cpp
c:\users\sysadmin\source\repos\expiration\x64\release\expiration.exe
c:\users\sysadmin\source\repos\expiration\expiration\x64\release\expiration.res
c:\users\sysadmin\source\repos\expiration\expiration\x64\release\expiration.tlog\cl.command.1.tlog
c:\users\sysadmin\source\repos\expiration\expiration\x64\release\expiration.tlog\cl.items.tlog
c:\users\sysadmin\source\repos\expiration\expiration\x64\release\expiration.tlog\cl.read.1.tlog
c:\users\sysadmin\source\repos\expiration\expiration\x64\release\expiration.tlog\cl.write.1.tlog
c:\users\sysadmin\source\repos\expiration\expiration\x64\release\expiration.tlog\expiration.write.1u.tlog
c:\users\sysadmin\source\repos\expiration\expiration\x64\release\expiration.tlog\link.command.1.tlog
c:\users\sysadmin\source\repos\expiration\expiration\x64\release\expiration.tlog\link.read.1.tlog
c:\users\sysadmin\source\repos\expiration\expiration\x64\release\expiration.tlog\link.write.1.tlog
c:\users\sysadmin\source\repos\expiration\expiration\x64\release\expiration.tlog\moc.read.1u.tlog
c:\users\sysadmin\source\repos\expiration\expiration\x64\release\expiration.tlog\moc.write.1u.tlog
c:\users\sysadmin\source\repos\expiration\expiration\x64\release\expiration.tlog\rc.command.1.tlog
c:\users\sysadmin\source\repos\expiration\expiration\x64\release\expiration.tlog\rc.read.1.tlog
c:\users\sysadmin\source\repos\expiration\expiration\x64\release\expiration.tlog\rc.write.1.tlog
c:\users\sysadmin\source\repos\expiration\expiration\x64\release\expiration.tlog\rcc.read.1u.tlog
c:\users\sysadmin\source\repos\expiration\expiration\x64\release\expiration.tlog\rcc.write.1u.tlog
c:\users\sysadmin\source\repos\expiration\expiration\x64\release\expiration.tlog\uic.read.1u.tlog
c:\users\sysadmin\source\repos\expiration\expiration\x64\release\expiration.tlog\uic.write.1u.tlog
